<?xml version="1.0" encoding="UTF-8" standalone="no"?><testsuite errors="0" failures="0" name="Gestión del sistema PetClinic" skipped="0" tests="8" time="160.73" timestamp="2026-06-10 11:00:16"><testcase name="1 - Registrar un dueño exitosamente"/><testcase name="2 - Registrar una mascota con dueño existente"/><testcase name="3 - Registrar un turno con mascota existente"/><testcase name="4 - Consultar mascotas registradas"/><testcase name="5 - Consultar turnos registrados"/><testcase name="6 - El dashboard muestra los contadores"/><testcase name="7 - Editar un dueño existente"/><testcase name="8 - Cerrar sesión del sistema"/></testsuite>